<?xml version="1.0" encoding="UTF-8"?>
<!-- Generated by org.testng.reporters.JUnitXMLReporter -->
<testsuite ignored="0" hostname="DESKTOP-LGNE5KF" failures="0" tests="5" name="testcase-1" time="30.381" errors="0" timestamp="2024-12-29T12:32:22 IST">
  <testcase classname="Tests.ProductPurchaseTesting" name="searchProductName" time="13.122"/>
  <testcase classname="Tests.ProductPurchaseTesting" name="selectProductApple" time="3.508"/>
  <testcase classname="Tests.ProductPurchaseTesting" name="getProductDetails" time="2.231"/>
  <testcase classname="Tests.ProductPurchaseTesting" name="selectSpecificationTest" time="7.798"/>
  <testcase classname="Tests.ProductPurchaseTesting" name="processCheckoutPage" time="1.696"/>
</testsuite> <!-- testcase-1 -->
