<?xml version="1.0" encoding="UTF-8"?>
<!-- Generated by org.testng.reporters.JUnitXMLReporter -->
<testsuite ignored="0" hostname="DESKTOP-LGNE5KF" failures="0" tests="5" name="testcase-3" time="34.222" errors="0" timestamp="2024-12-29T12:34:05 IST">
  <testcase classname="Tests.ProductPurchaseTesting" name="searchProductName" time="14.028"/>
  <testcase classname="Tests.ProductPurchaseTesting" name="selectProductApple" time="3.458"/>
  <testcase classname="Tests.ProductPurchaseTesting" name="getProductDetails" time="1.87"/>
  <testcase classname="Tests.ProductPurchaseTesting" name="selectSpecificationTest" time="8.296"/>
  <testcase classname="Tests.ProductPurchaseTesting" name="processCheckoutPage" time="1.731"/>
</testsuite> <!-- testcase-3 -->
