<?xml version="1.0" encoding="UTF-8"?>
<!-- Generated by org.testng.reporters.JUnitXMLReporter -->
<testsuite ignored="0" hostname="DESKTOP-LGNE5KF" failures="0" tests="5" name="testcase-2" time="68.01" errors="0" timestamp="2024-12-29T12:33:30 IST">
  <testcase classname="Tests.ProductPurchaseTesting" name="searchProductName" time="51.224"/>
  <testcase classname="Tests.ProductPurchaseTesting" name="selectProductApple" time="3.915"/>
  <testcase classname="Tests.ProductPurchaseTesting" name="getProductDetails" time="1.805"/>
  <testcase classname="Tests.ProductPurchaseTesting" name="selectSpecificationTest" time="8.378"/>
  <testcase classname="Tests.ProductPurchaseTesting" name="processCheckoutPage" time="1.863"/>
</testsuite> <!-- testcase-2 -->
