<?xml version="1.0" encoding="UTF-8"?>
<testsuite xmlns:xsi="http://www.w3.org/2001/XMLSchema-instance" xsi:noNamespaceSchemaLocation="https://maven.apache.org/surefire/maven-surefire-plugin/xsd/surefire-test-report-3.0.xsd" version="3.0" name="TestSuite" time="177.06" tests="15" errors="0" skipped="0" failures="0">
  <properties>
[...]
</properties>
  <testcase name="searchProductName" classname="Tests.ProductPurchaseTesting" time="15.207">
    <system-err><![CDATA[SLF4J: Failed to load class "org.slf4j.impl.StaticLoggerBinder".
SLF4J: Defaulting to no-operation (NOP) logger implementation
SLF4J: See http://www.slf4j.org/codes.html#StaticLoggerBinder for further details.
Dec 28, 2024 4:55:15 PM org.openqa.selenium.remote.tracing.opentelemetry.OpenTelemetryTracer createTracer
INFO: Using OpenTelemetry for tracing
]]></system-err>
  </testcase>
  <testcase name="searchProductName" classname="Tests.ProductPurchaseTesting" time="51.62"/>
  <testcase name="searchProductName" classname="Tests.ProductPurchaseTesting" time="50.784"/>
  <testcase name="selectProductApple[Apple iPhone 16 Pro Max 256GB Desert Titanium 5G With FaceTime - USA Version (e-SIM only) ](1)" classname="Tests.ProductPurchaseTesting" time="3.578"/>
  <testcase name="selectProductApple[Apple iPhone 16 Pro Max 256GB Desert Titanium 5G With FaceTime - USA Version (e-SIM only) ](1)" classname="Tests.ProductPurchaseTesting" time="3.431"/>
  <testcase name="selectProductApple[Apple iPhone 16 Pro Max 256GB Desert Titanium 5G With FaceTime - USA Version (e-SIM only) ](1)" classname="Tests.ProductPurchaseTesting" time="3.596"/>
  <testcase name="getProductDetails" classname="Tests.ProductPurchaseTesting" time="1.825">
    <system-out><![CDATA[iPhone 16 Pro Max 256GB Desert Titanium 5G With FaceTime - USA Version (e-SIM only)
iPhone 16 Pro Max
4449.00
]]></system-out>
  </testcase>
  <testcase name="getProductDetails" classname="Tests.ProductPurchaseTesting" time="1.593">
    <system-out><![CDATA[iPhone 16 Pro Max 256GB Desert Titanium 5G With FaceTime - USA Version (e-SIM only)
iPhone 16 Pro Max
4449.00
]]></system-out>
  </testcase>
  <testcase name="getProductDetails" classname="Tests.ProductPurchaseTesting" time="1.751">
    <system-out><![CDATA[iPhone 16 Pro Max 256GB Desert Titanium 5G With FaceTime - USA Version (e-SIM only)
iPhone 16 Pro Max
4449.00
]]></system-out>
  </testcase>
  <testcase name="selectSpecificationTest[1 TB, International Version](1)" classname="Tests.ProductPurchaseTesting" time="8.508"/>
  <testcase name="selectSpecificationTest[1 TB, International Version](1)" classname="Tests.ProductPurchaseTesting" time="8.232"/>
  <testcase name="selectSpecificationTest[1 TB, International Version](1)" classname="Tests.ProductPurchaseTesting" time="8.212"/>
  <testcase name="processCheckoutPage" classname="Tests.ProductPurchaseTesting" time="2.855">
    <system-out><![CDATA[Checkout page product name = Apple iPhone 16 Pro Max 1TB Desert Titanium 5G With FaceTime - International Version
Checkout page total Amount = 6349.00
]]></system-out>
  </testcase>
  <testcase name="processCheckoutPage" classname="Tests.ProductPurchaseTesting" time="1.638">
    <system-out><![CDATA[Checkout page product name = Apple iPhone 16 Pro Max 1TB Desert Titanium 5G With FaceTime - International Version
Checkout page total Amount = 6349.00
]]></system-out>
  </testcase>
  <testcase name="processCheckoutPage" classname="Tests.ProductPurchaseTesting" time="2.321">
    <system-out><![CDATA[Checkout page product name = Apple iPhone 16 Pro Max 1TB Desert Titanium 5G With FaceTime - International Version
Checkout page total Amount = 6349.00
]]></system-out>
  </testcase>
</testsuite>