<?xml version="1.0" encoding="UTF-8"?>
<testng-results ignored="0" total="15" passed="15" failed="0" skipped="0">
  <reporter-output>
  </reporter-output>
  <suite started-at="2024-12-28T16:55:15 IST" name="autocompleteInput" finished-at="2024-12-28T16:58:11 IST" duration-ms="176461">
    <groups>
    </groups>
    <test started-at="2024-12-28T16:55:15 IST" name="testcase-1" finished-at="2024-12-28T16:55:52 IST" duration-ms="36596">
      <class name="Tests.ProductPurchaseTesting">
        <test-method is-config="true" signature="setDriver()[pri:0, instance:Tests.ProductPurchaseTesting@5af3afd9]" started-at="2024-12-28T16:55:15 IST" name="setDriver" finished-at="2024-12-28T16:55:18 IST" duration-ms="3345" status="PASS">
          <reporter-output>
          </reporter-output>
        </test-method> <!-- setDriver -->
        <test-method signature="searchProductName()[pri:0, instance:Tests.ProductPurchaseTesting@5af3afd9]" started-at="2024-12-28T16:55:18 IST" name="searchProductName" finished-at="2024-12-28T16:55:34 IST" duration-ms="15207" status="PASS">
          <reporter-output>
          </reporter-output>
        </test-method> <!-- searchProductName -->
        <test-method signature="selectProductApple(java.lang.String)[pri:0, instance:Tests.ProductPurchaseTesting@5af3afd9]" started-at="2024-12-28T16:55:34 IST" name="selectProductApple" finished-at="2024-12-28T16:55:37 IST" depends-on-methods="Tests.ProductPurchaseTesting.searchProductName" duration-ms="3578" status="PASS">
          <params>
            <param index="0">
              <value>
                <![CDATA[Apple iPhone 16 Pro Max 256GB Desert Titanium 5G With FaceTime - USA Version (e-SIM only) ]]>
              </value>
            </param>
          </params>
          <reporter-output>
          </reporter-output>
        </test-method> <!-- selectProductApple -->
        <test-method signature="getProductDetails()[pri:0, instance:Tests.ProductPurchaseTesting@5af3afd9]" started-at="2024-12-28T16:55:37 IST" name="getProductDetails" finished-at="2024-12-28T16:55:39 IST" depends-on-methods="Tests.ProductPurchaseTesting.selectProductApple" duration-ms="1818" status="PASS">
          <reporter-output>
          </reporter-output>
        </test-method> <!-- getProductDetails -->
        <test-method signature="selectSpecificationTest(java.lang.String,java.lang.String)[pri:0, instance:Tests.ProductPurchaseTesting@5af3afd9]" started-at="2024-12-28T16:55:39 IST" name="selectSpecificationTest" finished-at="2024-12-28T16:55:48 IST" depends-on-methods="Tests.ProductPurchaseTesting.getProductDetails" duration-ms="8510" status="PASS">
          <params>
            <param index="0">
              <value>
                <![CDATA[1 TB]]>
              </value>
            </param>
            <param index="1">
              <value>
                <![CDATA[International Version]]>
              </value>
            </param>
          </params>
          <reporter-output>
          </reporter-output>
        </test-method> <!-- selectSpecificationTest -->
        <test-method signature="processCheckoutPage()[pri:0, instance:Tests.ProductPurchaseTesting@5af3afd9]" started-at="2024-12-28T16:55:48 IST" name="processCheckoutPage" finished-at="2024-12-28T16:55:50 IST" depends-on-methods="Tests.ProductPurchaseTesting.selectSpecificationTest" duration-ms="2851" status="PASS">
          <reporter-output>
          </reporter-output>
        </test-method> <!-- processCheckoutPage -->
        <test-method is-config="true" signature="quitDriver()[pri:0, instance:Tests.ProductPurchaseTesting@5af3afd9]" started-at="2024-12-28T16:55:50 IST" name="quitDriver" finished-at="2024-12-28T16:55:52 IST" duration-ms="1219" status="PASS">
          <reporter-output>
          </reporter-output>
        </test-method> <!-- quitDriver -->
      </class> <!-- Tests.ProductPurchaseTesting -->
    </test> <!-- testcase-1 -->
    <test started-at="2024-12-28T16:55:52 IST" name="testcase-2" finished-at="2024-12-28T16:57:02 IST" duration-ms="70134">
      <class name="Tests.ProductPurchaseTesting">
        <test-method is-config="true" signature="setDriver()[pri:0, instance:Tests.ProductPurchaseTesting@4f83df68]" started-at="2024-12-28T16:55:52 IST" name="setDriver" finished-at="2024-12-28T16:55:54 IST" duration-ms="2706" status="PASS">
          <reporter-output>
          </reporter-output>
        </test-method> <!-- setDriver -->
        <test-method signature="searchProductName()[pri:0, instance:Tests.ProductPurchaseTesting@4f83df68]" started-at="2024-12-28T16:55:54 IST" name="searchProductName" finished-at="2024-12-28T16:56:46 IST" duration-ms="51621" status="PASS">
          <reporter-output>
          </reporter-output>
        </test-method> <!-- searchProductName -->
        <test-method signature="selectProductApple(java.lang.String)[pri:0, instance:Tests.ProductPurchaseTesting@4f83df68]" started-at="2024-12-28T16:56:46 IST" name="selectProductApple" finished-at="2024-12-28T16:56:49 IST" depends-on-methods="Tests.ProductPurchaseTesting.searchProductName" duration-ms="3431" status="PASS">
          <params>
            <param index="0">
              <value>
                <![CDATA[Apple iPhone 16 Pro Max 256GB Desert Titanium 5G With FaceTime - USA Version (e-SIM only) ]]>
              </value>
            </param>
          </params>
          <reporter-output>
          </reporter-output>
        </test-method> <!-- selectProductApple -->
        <test-method signature="getProductDetails()[pri:0, instance:Tests.ProductPurchaseTesting@4f83df68]" started-at="2024-12-28T16:56:49 IST" name="getProductDetails" finished-at="2024-12-28T16:56:51 IST" depends-on-methods="Tests.ProductPurchaseTesting.selectProductApple" duration-ms="1591" status="PASS">
          <reporter-output>
          </reporter-output>
        </test-method> <!-- getProductDetails -->
        <test-method signature="selectSpecificationTest(java.lang.String,java.lang.String)[pri:0, instance:Tests.ProductPurchaseTesting@4f83df68]" started-at="2024-12-28T16:56:51 IST" name="selectSpecificationTest" finished-at="2024-12-28T16:56:59 IST" depends-on-methods="Tests.ProductPurchaseTesting.getProductDetails" duration-ms="8231" status="PASS">
          <params>
            <param index="0">
              <value>
                <![CDATA[1 TB]]>
              </value>
            </param>
            <param index="1">
              <value>
                <![CDATA[International Version]]>
              </value>
            </param>
          </params>
          <reporter-output>
          </reporter-output>
        </test-method> <!-- selectSpecificationTest -->
        <test-method signature="processCheckoutPage()[pri:0, instance:Tests.ProductPurchaseTesting@4f83df68]" started-at="2024-12-28T16:56:59 IST" name="processCheckoutPage" finished-at="2024-12-28T16:57:01 IST" depends-on-methods="Tests.ProductPurchaseTesting.selectSpecificationTest" duration-ms="1637" status="PASS">
          <reporter-output>
          </reporter-output>
        </test-method> <!-- processCheckoutPage -->
        <test-method is-config="true" signature="quitDriver()[pri:0, instance:Tests.ProductPurchaseTesting@4f83df68]" started-at="2024-12-28T16:57:01 IST" name="quitDriver" finished-at="2024-12-28T16:57:02 IST" duration-ms="910" status="PASS">
          <reporter-output>
          </reporter-output>
        </test-method> <!-- quitDriver -->
      </class> <!-- Tests.ProductPurchaseTesting -->
    </test> <!-- testcase-2 -->
    <test started-at="2024-12-28T16:57:02 IST" name="testcase-3" finished-at="2024-12-28T16:58:11 IST" duration-ms="69697">
      <class name="Tests.ProductPurchaseTesting">
        <test-method is-config="true" signature="setDriver()[pri:0, instance:Tests.ProductPurchaseTesting@7d8995e]" started-at="2024-12-28T16:57:02 IST" name="setDriver" finished-at="2024-12-28T16:57:04 IST" duration-ms="2095" status="PASS">
          <reporter-output>
          </reporter-output>
        </test-method> <!-- setDriver -->
        <test-method signature="searchProductName()[pri:0, instance:Tests.ProductPurchaseTesting@7d8995e]" started-at="2024-12-28T16:57:04 IST" name="searchProductName" finished-at="2024-12-28T16:57:55 IST" duration-ms="50785" status="PASS">
          <reporter-output>
          </reporter-output>
        </test-method> <!-- searchProductName -->
        <test-method signature="selectProductApple(java.lang.String)[pri:0, instance:Tests.ProductPurchaseTesting@7d8995e]" started-at="2024-12-28T16:57:55 IST" name="selectProductApple" finished-at="2024-12-28T16:57:58 IST" depends-on-methods="Tests.ProductPurchaseTesting.searchProductName" duration-ms="3596" status="PASS">
          <params>
            <param index="0">
              <value>
                <![CDATA[Apple iPhone 16 Pro Max 256GB Desert Titanium 5G With FaceTime - USA Version (e-SIM only) ]]>
              </value>
            </param>
          </params>
          <reporter-output>
          </reporter-output>
        </test-method> <!-- selectProductApple -->
        <test-method signature="getProductDetails()[pri:0, instance:Tests.ProductPurchaseTesting@7d8995e]" started-at="2024-12-28T16:57:58 IST" name="getProductDetails" finished-at="2024-12-28T16:58:00 IST" depends-on-methods="Tests.ProductPurchaseTesting.selectProductApple" duration-ms="1748" status="PASS">
          <reporter-output>
          </reporter-output>
        </test-method> <!-- getProductDetails -->
        <test-method signature="selectSpecificationTest(java.lang.String,java.lang.String)[pri:0, instance:Tests.ProductPurchaseTesting@7d8995e]" started-at="2024-12-28T16:58:00 IST" name="selectSpecificationTest" finished-at="2024-12-28T16:58:08 IST" depends-on-methods="Tests.ProductPurchaseTesting.getProductDetails" duration-ms="8215" status="PASS">
          <params>
            <param index="0">
              <value>
                <![CDATA[1 TB]]>
              </value>
            </param>
            <param index="1">
              <value>
                <![CDATA[International Version]]>
              </value>
            </param>
          </params>
          <reporter-output>
          </reporter-output>
        </test-method> <!-- selectSpecificationTest -->
        <test-method signature="processCheckoutPage()[pri:0, instance:Tests.ProductPurchaseTesting@7d8995e]" started-at="2024-12-28T16:58:08 IST" name="processCheckoutPage" finished-at="2024-12-28T16:58:11 IST" depends-on-methods="Tests.ProductPurchaseTesting.selectSpecificationTest" duration-ms="2319" status="PASS">
          <reporter-output>
          </reporter-output>
        </test-method> <!-- processCheckoutPage -->
        <test-method is-config="true" signature="quitDriver()[pri:0, instance:Tests.ProductPurchaseTesting@7d8995e]" started-at="2024-12-28T16:58:11 IST" name="quitDriver" finished-at="2024-12-28T16:58:11 IST" duration-ms="932" status="PASS">
          <reporter-output>
          </reporter-output>
        </test-method> <!-- quitDriver -->
      </class> <!-- Tests.ProductPurchaseTesting -->
    </test> <!-- testcase-3 -->
  </suite> <!-- autocompleteInput -->
</testng-results>
