<?xml version="1.0" encoding="UTF-8"?>
<testng-results ignored="0" total="20" passed="20" failed="0" skipped="0">
  <reporter-output>
  </reporter-output>
  <suite started-at="2024-12-29T12:31:52 IST" name="autocompleteInput" finished-at="2024-12-29T12:34:52 IST" duration-ms="180358">
    <groups>
    </groups>
    <test started-at="2024-12-29T12:31:52 IST" name="testcase-1" finished-at="2024-12-29T12:32:22 IST" duration-ms="30381">
      <class name="Tests.ProductPurchaseTesting">
        <test-method is-config="true" signature="setDriver(java.lang.String)[pri:0, instance:Tests.ProductPurchaseTesting@5af3afd9]" started-at="2024-12-29T12:31:52 IST" name="setDriver" finished-at="2024-12-29T12:31:54 IST" duration-ms="1847" status="PASS">
          <params>
            <param index="0">
              <value>
                <![CDATA[chrome]]>
              </value>
            </param>
          </params>
          <reporter-output>
          </reporter-output>
        </test-method> <!-- setDriver -->
        <test-method signature="searchProductName()[pri:0, instance:Tests.ProductPurchaseTesting@5af3afd9]" started-at="2024-12-29T12:31:54 IST" name="searchProductName" finished-at="2024-12-29T12:32:07 IST" duration-ms="13122" status="PASS">
          <reporter-output>
          </reporter-output>
        </test-method> <!-- searchProductName -->
        <test-method signature="selectProductApple(java.lang.String)[pri:0, instance:Tests.ProductPurchaseTesting@5af3afd9]" started-at="2024-12-29T12:32:07 IST" name="selectProductApple" finished-at="2024-12-29T12:32:10 IST" depends-on-methods="Tests.ProductPurchaseTesting.searchProductName" duration-ms="3508" status="PASS">
          <params>
            <param index="0">
              <value>
                <![CDATA[Apple iPhone 16 Pro Max 256GB Desert Titanium 5G With FaceTime - USA Version (e-SIM only) ]]>
              </value>
            </param>
          </params>
          <reporter-output>
          </reporter-output>
        </test-method> <!-- selectProductApple -->
        <test-method signature="getProductDetails()[pri:0, instance:Tests.ProductPurchaseTesting@5af3afd9]" started-at="2024-12-29T12:32:10 IST" name="getProductDetails" finished-at="2024-12-29T12:32:13 IST" depends-on-methods="Tests.ProductPurchaseTesting.selectProductApple" duration-ms="2231" status="PASS">
          <reporter-output>
          </reporter-output>
        </test-method> <!-- getProductDetails -->
        <test-method signature="selectSpecificationTest(java.lang.String,java.lang.String)[pri:0, instance:Tests.ProductPurchaseTesting@5af3afd9]" started-at="2024-12-29T12:32:13 IST" name="selectSpecificationTest" finished-at="2024-12-29T12:32:20 IST" depends-on-methods="Tests.ProductPurchaseTesting.getProductDetails" duration-ms="7798" status="PASS">
          <params>
            <param index="0">
              <value>
                <![CDATA[1 TB]]>
              </value>
            </param>
            <param index="1">
              <value>
                <![CDATA[International Version]]>
              </value>
            </param>
          </params>
          <reporter-output>
          </reporter-output>
        </test-method> <!-- selectSpecificationTest -->
        <test-method signature="processCheckoutPage()[pri:0, instance:Tests.ProductPurchaseTesting@5af3afd9]" started-at="2024-12-29T12:32:20 IST" name="processCheckoutPage" finished-at="2024-12-29T12:32:22 IST" depends-on-methods="Tests.ProductPurchaseTesting.selectSpecificationTest" duration-ms="1696" status="PASS">
          <reporter-output>
          </reporter-output>
        </test-method> <!-- processCheckoutPage -->
        <test-method is-config="true" signature="quitDriver()[pri:0, instance:Tests.ProductPurchaseTesting@5af3afd9]" started-at="2024-12-29T12:32:22 IST" name="quitDriver" finished-at="2024-12-29T12:32:22 IST" duration-ms="140" status="PASS">
          <reporter-output>
          </reporter-output>
        </test-method> <!-- quitDriver -->
      </class> <!-- Tests.ProductPurchaseTesting -->
    </test> <!-- testcase-1 -->
    <test started-at="2024-12-29T12:32:22 IST" name="testcase-2" finished-at="2024-12-29T12:33:30 IST" duration-ms="68010">
      <class name="Tests.ProductPurchaseTesting">
        <test-method is-config="true" signature="setDriver(java.lang.String)[pri:0, instance:Tests.ProductPurchaseTesting@4f83df68]" started-at="2024-12-29T12:32:22 IST" name="setDriver" finished-at="2024-12-29T12:32:23 IST" duration-ms="682" status="PASS">
          <params>
            <param index="0">
              <value>
                <![CDATA[chrome]]>
              </value>
            </param>
          </params>
          <reporter-output>
          </reporter-output>
        </test-method> <!-- setDriver -->
        <test-method signature="searchProductName()[pri:0, instance:Tests.ProductPurchaseTesting@4f83df68]" started-at="2024-12-29T12:32:23 IST" name="searchProductName" finished-at="2024-12-29T12:33:14 IST" duration-ms="51224" status="PASS">
          <reporter-output>
          </reporter-output>
        </test-method> <!-- searchProductName -->
        <test-method signature="selectProductApple(java.lang.String)[pri:0, instance:Tests.ProductPurchaseTesting@4f83df68]" started-at="2024-12-29T12:33:14 IST" name="selectProductApple" finished-at="2024-12-29T12:33:18 IST" depends-on-methods="Tests.ProductPurchaseTesting.searchProductName" duration-ms="3915" status="PASS">
          <params>
            <param index="0">
              <value>
                <![CDATA[Apple iPhone 16 Pro Max 256GB Desert Titanium 5G With FaceTime - USA Version (e-SIM only) ]]>
              </value>
            </param>
          </params>
          <reporter-output>
          </reporter-output>
        </test-method> <!-- selectProductApple -->
        <test-method signature="getProductDetails()[pri:0, instance:Tests.ProductPurchaseTesting@4f83df68]" started-at="2024-12-29T12:33:18 IST" name="getProductDetails" finished-at="2024-12-29T12:33:20 IST" depends-on-methods="Tests.ProductPurchaseTesting.selectProductApple" duration-ms="1805" status="PASS">
          <reporter-output>
          </reporter-output>
        </test-method> <!-- getProductDetails -->
        <test-method signature="selectSpecificationTest(java.lang.String,java.lang.String)[pri:0, instance:Tests.ProductPurchaseTesting@4f83df68]" started-at="2024-12-29T12:33:20 IST" name="selectSpecificationTest" finished-at="2024-12-29T12:33:28 IST" depends-on-methods="Tests.ProductPurchaseTesting.getProductDetails" duration-ms="8378" status="PASS">
          <params>
            <param index="0">
              <value>
                <![CDATA[1 TB]]>
              </value>
            </param>
            <param index="1">
              <value>
                <![CDATA[International Version]]>
              </value>
            </param>
          </params>
          <reporter-output>
          </reporter-output>
        </test-method> <!-- selectSpecificationTest -->
        <test-method signature="processCheckoutPage()[pri:0, instance:Tests.ProductPurchaseTesting@4f83df68]" started-at="2024-12-29T12:33:28 IST" name="processCheckoutPage" finished-at="2024-12-29T12:33:30 IST" depends-on-methods="Tests.ProductPurchaseTesting.selectSpecificationTest" duration-ms="1863" status="PASS">
          <reporter-output>
          </reporter-output>
        </test-method> <!-- processCheckoutPage -->
        <test-method is-config="true" signature="quitDriver()[pri:0, instance:Tests.ProductPurchaseTesting@4f83df68]" started-at="2024-12-29T12:33:30 IST" name="quitDriver" finished-at="2024-12-29T12:33:30 IST" duration-ms="136" status="PASS">
          <reporter-output>
          </reporter-output>
        </test-method> <!-- quitDriver -->
      </class> <!-- Tests.ProductPurchaseTesting -->
    </test> <!-- testcase-2 -->
    <test started-at="2024-12-29T12:33:30 IST" name="testcase-3" finished-at="2024-12-29T12:34:05 IST" duration-ms="34222">
      <class name="Tests.ProductPurchaseTesting">
        <test-method is-config="true" signature="setDriver(java.lang.String)[pri:0, instance:Tests.ProductPurchaseTesting@7d8995e]" started-at="2024-12-29T12:33:30 IST" name="setDriver" finished-at="2024-12-29T12:33:34 IST" duration-ms="3811" status="PASS">
          <params>
            <param index="0">
              <value>
                <![CDATA[firefox]]>
              </value>
            </param>
          </params>
          <reporter-output>
          </reporter-output>
        </test-method> <!-- setDriver -->
        <test-method signature="searchProductName()[pri:0, instance:Tests.ProductPurchaseTesting@7d8995e]" started-at="2024-12-29T12:33:34 IST" name="searchProductName" finished-at="2024-12-29T12:33:48 IST" duration-ms="14028" status="PASS">
          <reporter-output>
          </reporter-output>
        </test-method> <!-- searchProductName -->
        <test-method signature="selectProductApple(java.lang.String)[pri:0, instance:Tests.ProductPurchaseTesting@7d8995e]" started-at="2024-12-29T12:33:48 IST" name="selectProductApple" finished-at="2024-12-29T12:33:52 IST" depends-on-methods="Tests.ProductPurchaseTesting.searchProductName" duration-ms="3458" status="PASS">
          <params>
            <param index="0">
              <value>
                <![CDATA[Apple iPhone 16 Pro Max 256GB Desert Titanium 5G With FaceTime - USA Version (e-SIM only) ]]>
              </value>
            </param>
          </params>
          <reporter-output>
          </reporter-output>
        </test-method> <!-- selectProductApple -->
        <test-method signature="getProductDetails()[pri:0, instance:Tests.ProductPurchaseTesting@7d8995e]" started-at="2024-12-29T12:33:52 IST" name="getProductDetails" finished-at="2024-12-29T12:33:53 IST" depends-on-methods="Tests.ProductPurchaseTesting.selectProductApple" duration-ms="1870" status="PASS">
          <reporter-output>
          </reporter-output>
        </test-method> <!-- getProductDetails -->
        <test-method signature="selectSpecificationTest(java.lang.String,java.lang.String)[pri:0, instance:Tests.ProductPurchaseTesting@7d8995e]" started-at="2024-12-29T12:33:53 IST" name="selectSpecificationTest" finished-at="2024-12-29T12:34:02 IST" depends-on-methods="Tests.ProductPurchaseTesting.getProductDetails" duration-ms="8296" status="PASS">
          <params>
            <param index="0">
              <value>
                <![CDATA[1 TB]]>
              </value>
            </param>
            <param index="1">
              <value>
                <![CDATA[International Version]]>
              </value>
            </param>
          </params>
          <reporter-output>
          </reporter-output>
        </test-method> <!-- selectSpecificationTest -->
        <test-method signature="processCheckoutPage()[pri:0, instance:Tests.ProductPurchaseTesting@7d8995e]" started-at="2024-12-29T12:34:02 IST" name="processCheckoutPage" finished-at="2024-12-29T12:34:03 IST" depends-on-methods="Tests.ProductPurchaseTesting.selectSpecificationTest" duration-ms="1731" status="PASS">
          <reporter-output>
          </reporter-output>
        </test-method> <!-- processCheckoutPage -->
        <test-method is-config="true" signature="quitDriver()[pri:0, instance:Tests.ProductPurchaseTesting@7d8995e]" started-at="2024-12-29T12:34:03 IST" name="quitDriver" finished-at="2024-12-29T12:34:05 IST" duration-ms="1021" status="PASS">
          <reporter-output>
          </reporter-output>
        </test-method> <!-- quitDriver -->
      </class> <!-- Tests.ProductPurchaseTesting -->
    </test> <!-- testcase-3 -->
    <test started-at="2024-12-29T12:34:05 IST" name="testcase-4" finished-at="2024-12-29T12:34:52 IST" duration-ms="47424">
      <class name="Tests.ProductPurchaseTesting">
        <test-method is-config="true" signature="setDriver(java.lang.String)[pri:0, instance:Tests.ProductPurchaseTesting@293a5bf6]" started-at="2024-12-29T12:34:05 IST" name="setDriver" finished-at="2024-12-29T12:34:08 IST" duration-ms="2709" status="PASS">
          <params>
            <param index="0">
              <value>
                <![CDATA[firefox]]>
              </value>
            </param>
          </params>
          <reporter-output>
          </reporter-output>
        </test-method> <!-- setDriver -->
        <test-method signature="searchProductName()[pri:0, instance:Tests.ProductPurchaseTesting@293a5bf6]" started-at="2024-12-29T12:34:08 IST" name="searchProductName" finished-at="2024-12-29T12:34:36 IST" duration-ms="28617" status="PASS">
          <reporter-output>
          </reporter-output>
        </test-method> <!-- searchProductName -->
        <test-method signature="selectProductApple(java.lang.String)[pri:0, instance:Tests.ProductPurchaseTesting@293a5bf6]" started-at="2024-12-29T12:34:36 IST" name="selectProductApple" finished-at="2024-12-29T12:34:40 IST" depends-on-methods="Tests.ProductPurchaseTesting.searchProductName" duration-ms="3453" status="PASS">
          <params>
            <param index="0">
              <value>
                <![CDATA[Apple iPhone 16 Pro Max 256GB Desert Titanium 5G With FaceTime - USA Version (e-SIM only) ]]>
              </value>
            </param>
          </params>
          <reporter-output>
          </reporter-output>
        </test-method> <!-- selectProductApple -->
        <test-method signature="getProductDetails()[pri:0, instance:Tests.ProductPurchaseTesting@293a5bf6]" started-at="2024-12-29T12:34:40 IST" name="getProductDetails" finished-at="2024-12-29T12:34:41 IST" depends-on-methods="Tests.ProductPurchaseTesting.selectProductApple" duration-ms="1664" status="PASS">
          <reporter-output>
          </reporter-output>
        </test-method> <!-- getProductDetails -->
        <test-method signature="selectSpecificationTest(java.lang.String,java.lang.String)[pri:0, instance:Tests.ProductPurchaseTesting@293a5bf6]" started-at="2024-12-29T12:34:41 IST" name="selectSpecificationTest" finished-at="2024-12-29T12:34:49 IST" depends-on-methods="Tests.ProductPurchaseTesting.getProductDetails" duration-ms="8227" status="PASS">
          <params>
            <param index="0">
              <value>
                <![CDATA[1 TB]]>
              </value>
            </param>
            <param index="1">
              <value>
                <![CDATA[International Version]]>
              </value>
            </param>
          </params>
          <reporter-output>
          </reporter-output>
        </test-method> <!-- selectSpecificationTest -->
        <test-method signature="processCheckoutPage()[pri:0, instance:Tests.ProductPurchaseTesting@293a5bf6]" started-at="2024-12-29T12:34:49 IST" name="processCheckoutPage" finished-at="2024-12-29T12:34:51 IST" depends-on-methods="Tests.ProductPurchaseTesting.selectSpecificationTest" duration-ms="1679" status="PASS">
          <reporter-output>
          </reporter-output>
        </test-method> <!-- processCheckoutPage -->
        <test-method is-config="true" signature="quitDriver()[pri:0, instance:Tests.ProductPurchaseTesting@293a5bf6]" started-at="2024-12-29T12:34:51 IST" name="quitDriver" finished-at="2024-12-29T12:34:52 IST" duration-ms="1071" status="PASS">
          <reporter-output>
          </reporter-output>
        </test-method> <!-- quitDriver -->
      </class> <!-- Tests.ProductPurchaseTesting -->
    </test> <!-- testcase-4 -->
  </suite> <!-- autocompleteInput -->
</testng-results>
